<?xml version="1.0"?>
<!DOCTYPE coverage SYSTEM "http://cobertura.sourceforge.net/xml/coverage-04.dtd">
<coverage 
line-rate="0.00" lines-covered="1" lines-valid="0" branches-covered="0" branches-valid="0" branch-rate="0.00" complexity="0" version="1.0" timestamp="1430237316935">
    <sources>
        <source>--source</source>
        <source>/home/kamilk/github/scoverage-multi-module/two/src/main/scala</source>
    </sources>
    <packages>
        <package name="Two" line-rate="0.00" branch-rate="0.00" complexity="0">
            <classes>
                <class name="Two" filename="Two.scala" line-rate="0.00" branch-rate="0.00" complexity="0">
                    <methods>
                        <method name="Two/Two/bar" signature="()V" line-rate="0.00" branch-rate="0.00">
                            <lines>
                                <line number="5" hits="0" branch="false"/>
                            </lines>
                        </method>
                    </methods>
                    <lines>
                        <line number="5" hits="0" branch="false"/>
                    </lines>
                </class>
            </classes>
        </package>
    </packages>
</coverage>
